[0114/085804.165:ERROR:process_memory_win.cc(73)] ReadMemory at 0x7ff6e5ab0000 of 64 bytes failed: Only part of a ReadProcessMemory or WriteProcessMemory request was completed. (0x12B)
[0114/085804.418:WARNING:pe_image_reader.cc(340)] could not read dos header from C:\Program Files (x86)\Google\Chrome\Application\chrome.exe
[0114/085804.418:ERROR:process_memory_win.cc(73)] ReadMemory at 0x7ffbbd7a0000 of 64 bytes failed: Only part of a ReadProcessMemory or WriteProcessMemory request was completed. (0x12B)
[0114/085804.418:WARNING:pe_image_reader.cc(340)] could not read dos header from C:\WINDOWS\SYSTEM32\ntdll.dll
[0114/085804.418:ERROR:process_memory_win.cc(73)] ReadMemory at 0x7ffbbba10000 of 64 bytes failed: Only part of a ReadProcessMemory or WriteProcessMemory request was completed. (0x12B)
[0114/085804.418:WARNING:pe_image_reader.cc(340)] could not read dos header from C:\WINDOWS\System32\KERNEL32.DLL
[0114/085804.418:ERROR:process_memory_win.cc(73)] ReadMemory at 0x7ffbbb5a0000 of 64 bytes failed: Only part of a ReadProcessMemory or WriteProcessMemory request was completed. (0x12B)
[0114/085804.418:WARNING:pe_image_reader.cc(340)] could not read dos header from C:\WINDOWS\System32\KERNELBASE.dll
[0114/085804.418:ERROR:process_memory_win.cc(73)] ReadMemory at 0x7ffb9d880000 of 64 bytes failed: Only part of a ReadProcessMemory or WriteProcessMemory request was completed. (0x12B)
[0114/085804.418:WARNING:pe_image_reader.cc(340)] could not read dos header from C:\Program Files (x86)\Google\Chrome\Application\79.0.3945.117\chrome_elf.dll
[0114/085804.418:ERROR:process_memory_win.cc(73)] ReadMemory at 0x7ffbb4f00000 of 64 bytes failed: Only part of a ReadProcessMemory or WriteProcessMemory request was completed. (0x12B)
[0114/085804.418:WARNING:pe_image_reader.cc(340)] could not read dos header from C:\WINDOWS\SYSTEM32\VERSION.dll
[0114/085804.418:ERROR:process_memory_win.cc(73)] ReadMemory at 0x7ffbbbcf0000 of 64 bytes failed: Only part of a ReadProcessMemory or WriteProcessMemory request was completed. (0x12B)
[0114/085804.418:WARNING:pe_image_reader.cc(340)] could not read dos header from C:\WINDOWS\System32\msvcrt.dll
[0114/085804.418:ERROR:process_memory_win.cc(73)] ReadMemory at 0x7ffbba7c0000 of 64 bytes failed: Only part of a ReadProcessMemory or WriteProcessMemory request was completed. (0x12B)
[0114/085804.418:WARNING:pe_image_reader.cc(340)] could not read dos header from C:\WINDOWS\System32\bcryptPrimitives.dll
[0114/085804.418:ERROR:process_memory_win.cc(73)] ReadMemory at 0x7ffbbcb70000 of 64 bytes failed: Only part of a ReadProcessMemory or WriteProcessMemory request was completed. (0x12B)
[0114/085804.418:WARNING:pe_image_reader.cc(340)] could not read dos header from C:\WINDOWS\System32\ADVAPI32.dll
[0114/085804.418:ERROR:process_memory_win.cc(73)] ReadMemory at 0x7ffbbce20000 of 64 bytes failed: Only part of a ReadProcessMemory or WriteProcessMemory request was completed. (0x12B)
[0114/085804.418:WARNING:pe_image_reader.cc(340)] could not read dos header from C:\WINDOWS\System32\sechost.dll
[0114/085804.418:ERROR:process_memory_win.cc(73)] ReadMemory at 0x7ffbbcd00000 of 64 bytes failed: Only part of a ReadProcessMemory or WriteProcessMemory request was completed. (0x12B)
[0114/085804.418:WARNING:pe_image_reader.cc(340)] could not read dos header from C:\WINDOWS\System32\RPCRT4.dll
[0114/085804.418:ERROR:process_memory_win.cc(73)] ReadMemory at 0x7ffb69df0000 of 64 bytes failed: Only part of a ReadProcessMemory or WriteProcessMemory request was completed. (0x12B)
[0114/085804.418:WARNING:pe_image_reader.cc(340)] could not read dos header from C:\Program Files (x86)\Google\Chrome\Application\79.0.3945.117\chrome_child.dll
[0114/085804.418:ERROR:process_memory_win.cc(73)] ReadMemory at 0x7ffbbca20000 of 64 bytes failed: Only part of a ReadProcessMemory or WriteProcessMemory request was completed. (0x12B)
[0114/085804.418:WARNING:pe_image_reader.cc(340)] could not read dos header from C:\WINDOWS\System32\OLEAUT32.dll
[0114/085804.418:ERROR:process_memory_win.cc(73)] ReadMemory at 0x7ffbbb300000 of 64 bytes failed: Only part of a ReadProcessMemory or WriteProcessMemory request was completed. (0x12B)
[0114/085804.418:WARNING:pe_image_reader.cc(340)] could not read dos header from C:\WINDOWS\System32\msvcp_win.dll
[0114/085804.418:ERROR:process_memory_win.cc(73)] ReadMemory at 0x7ffbbb1b0000 of 64 bytes failed: Only part of a ReadProcessMemory or WriteProcessMemory request was completed. (0x12B)
[0114/085804.418:WARNING:pe_image_reader.cc(340)] could not read dos header from C:\WINDOWS\System32\ucrtbase.dll
[0114/085804.418:ERROR:process_memory_win.cc(73)] ReadMemory at 0x7ffbbc530000 of 64 bytes failed: Only part of a ReadProcessMemory or WriteProcessMemory request was completed. (0x12B)
[0114/085804.418:WARNING:pe_image_reader.cc(340)] could not read dos header from C:\WINDOWS\System32\combase.dll
[0114/085804.418:ERROR:process_memory_win.cc(73)] ReadMemory at 0x7ffbbb900000 of 64 bytes failed: Only part of a ReadProcessMemory or WriteProcessMemory request was completed. (0x12B)
[0114/085804.418:WARNING:pe_image_reader.cc(340)] could not read dos header from C:\WINDOWS\System32\WS2_32.dll
[0114/085804.418:ERROR:process_memory_win.cc(73)] ReadMemory at 0x7ffbba730000 of 64 bytes failed: Only part of a ReadProcessMemory or WriteProcessMemory request was completed. (0x12B)
[0114/085804.418:WARNING:pe_image_reader.cc(340)] could not read dos header from C:\WINDOWS\System32\WINTRUST.dll
[0114/085804.418:ERROR:process_memory_win.cc(73)] ReadMemory at 0x7ffbba6c0000 of 64 bytes failed: Only part of a ReadProcessMemory or WriteProcessMemory request was completed. (0x12B)
[0114/085804.418:WARNING:pe_image_reader.cc(340)] could not read dos header from C:\WINDOWS\System32\MSASN1.dll
[0114/085804.418:ERROR:process_memory_win.cc(73)] ReadMemory at 0x7ffbbb3a0000 of 64 bytes failed: Only part of a ReadProcessMemory or WriteProcessMemory request was completed. (0x12B)
[0114/085804.418:WARNING:pe_image_reader.cc(340)] could not read dos header from C:\WINDOWS\System32\CRYPT32.dll
[0114/085804.418:ERROR:process_memory_win.cc(73)] ReadMemory at 0x7ffbb9b90000 of 64 bytes failed: Only part of a ReadProcessMemory or WriteProcessMemory request was completed. (0x12B)
[0114/085804.418:WARNING:pe_image_reader.cc(340)] could not read dos header from C:\WINDOWS\SYSTEM32\IPHLPAPI.DLL
[0114/085804.418:ERROR:process_memory_win.cc(73)] ReadMemory at 0x7ffbb8410000 of 64 bytes failed: Only part of a ReadProcessMemory or WriteProcessMemory request was completed. (0x12B)
[0114/085804.418:WARNING:pe_image_reader.cc(340)] could not read dos header from C:\WINDOWS\SYSTEM32\WINMM.dll
[0114/085804.418:ERROR:process_memory_win.cc(73)] ReadMemory at 0x7ffbba590000 of 64 bytes failed: Only part of a ReadProcessMemory or WriteProcessMemory request was completed. (0x12B)
[0114/085804.418:WARNING:pe_image_reader.cc(340)] could not read dos header from C:\WINDOWS\SYSTEM32\USERENV.dll
[0114/085804.418:ERROR:process_memory_win.cc(73)] ReadMemory at 0x7ffbba6a0000 of 64 bytes failed: Only part of a ReadProcessMemory or WriteProcessMemory request was completed. (0x12B)
[0114/085804.418:WARNING:pe_image_reader.cc(340)] could not read dos header from C:\WINDOWS\System32\profapi.dll
[0114/085804.418:ERROR:process_memory_win.cc(73)] ReadMemory at 0x7ffb9b4c0000 of 64 bytes failed: Only part of a ReadProcessMemory or WriteProcessMemory request was completed. (0x12B)
[0114/085804.418:WARNING:pe_image_reader.cc(340)] could not read dos header from C:\WINDOWS\SYSTEM32\DWrite.dll
[0114/085804.418:ERROR:process_memory_win.cc(73)] ReadMemory at 0x7ffbb0f90000 of 64 bytes failed: Only part of a ReadProcessMemory or WriteProcessMemory request was completed. (0x12B)
[0114/085804.418:WARNING:pe_image_reader.cc(340)] could not read dos header from C:\WINDOWS\SYSTEM32\WINSPOOL.DRV
[0114/085804.418:ERROR:process_memory_win.cc(73)] ReadMemory at 0x7ffbba680000 of 64 bytes failed: Only part of a ReadProcessMemory or WriteProcessMemory request was completed. (0x12B)
[0114/085804.418:WARNING:pe_image_reader.cc(340)] could not read dos header from C:\WINDOWS\System32\kernel.appcore.dll
[0114/085804.418:ERROR:process_memory_win.cc(73)] ReadMemory at 0x7ffbba790000 of 64 bytes failed: Only part of a ReadProcessMemory or WriteProcessMemory request was completed. (0x12B)
[0114/085804.418:WARNING:pe_image_reader.cc(340)] could not read dos header from C:\WINDOWS\System32\bcrypt.dll
[0114/085804.418:ERROR:process_memory_win.cc(73)] ReadMemory at 0x7ffbb8fa0000 of 64 bytes failed: Only part of a ReadProcessMemory or WriteProcessMemory request was completed. (0x12B)
[0114/085804.418:WARNING:pe_image_reader.cc(340)] could not read dos header from C:\WINDOWS\SYSTEM32\dbghelp.dll
[0114/085804.418:ERROR:process_memory_win.cc(73)] ReadMemory at 0x7ffba8e90000 of 64 bytes failed: Only part of a ReadProcessMemory or WriteProcessMemory request was completed. (0x12B)
[0114/085804.418:WARNING:pe_image_reader.cc(340)] could not read dos header from C:\WINDOWS\SYSTEM32\Secur32.dll
[0114/085804.418:ERROR:process_memory_win.cc(73)] ReadMemory at 0x7ffbb3e30000 of 64 bytes failed: Only part of a ReadProcessMemory or WriteProcessMemory request was completed. (0x12B)
[0114/085804.418:WARNING:pe_image_reader.cc(340)] could not read dos header from C:\WINDOWS\SYSTEM32\WINHTTP.dll
[0114/085804.418:ERROR:process_memory_win.cc(73)] ReadMemory at 0x7ffbb4ee0000 of 64 bytes failed: Only part of a ReadProcessMemory or WriteProcessMemory request was completed. (0x12B)
[0114/085804.418:WARNING:pe_image_reader.cc(340)] could not read dos header from C:\WINDOWS\SYSTEM32\dhcpcsvc.DLL
[0114/085804.418:ERROR:process_memory_win.cc(73)] ReadMemory at 0x1f55d240000 of 64 bytes failed: Only part of a ReadProcessMemory or WriteProcessMemory request was completed. (0x12B)
[0114/085804.418:WARNING:pe_image_reader.cc(340)] could not read dos header from C:\WINDOWS\System32\NSI.dll
[0114/085804.418:ERROR:process_memory_win.cc(73)] ReadMemory at 0x7ffbb83c0000 of 64 bytes failed: Only part of a ReadProcessMemory or WriteProcessMemory request was completed. (0x12B)
[0114/085804.418:WARNING:pe_image_reader.cc(340)] could not read dos header from C:\WINDOWS\SYSTEM32\WINMMBASE.dll
[0114/085804.418:ERROR:process_memory_win.cc(73)] ReadMemory at 0x7ffbbb2b0000 of 64 bytes failed: Only part of a ReadProcessMemory or WriteProcessMemory request was completed. (0x12B)
[0114/085804.418:WARNING:pe_image_reader.cc(340)] could not read dos header from C:\WINDOWS\System32\cfgmgr32.dll
[0114/085804.418:ERROR:process_memory_win.cc(73)] ReadMemory at 0x7ffbb6c10000 of 64 bytes failed: Only part of a ReadProcessMemory or WriteProcessMemory request was completed. (0x12B)
[0114/085804.418:WARNING:pe_image_reader.cc(340)] could not read dos header from C:\WINDOWS\SYSTEM32\PROPSYS.dll
[0114/085804.418:ERROR:process_memory_win.cc(73)] ReadMemory at 0x7ffbbc480000 of 64 bytes failed: Only part of a ReadProcessMemory or WriteProcessMemory request was completed. (0x12B)
[0114/085804.418:WARNING:pe_image_reader.cc(340)] could not read dos header from C:\WINDOWS\System32\shcore.dll
[0114/085804.418:ERROR:process_memory_win.cc(73)] ReadMemory at 0x7ffbba560000 of 64 bytes failed: Only part of a ReadProcessMemory or WriteProcessMemory request was completed. (0x12B)
[0114/085804.418:WARNING:pe_image_reader.cc(340)] could not read dos header from C:\WINDOWS\SYSTEM32\SSPICLI.DLL
[0114/085804.418:ERROR:process_memory_win.cc(73)] ReadMemory at 0x7ffbba050000 of 64 bytes failed: Only part of a ReadProcessMemory or WriteProcessMemory request was completed. (0x12B)
[0114/085804.418:WARNING:pe_image_reader.cc(340)] could not read dos header from C:\WINDOWS\SYSTEM32\CRYPTBASE.DLL
[0114/085804.418:ERROR:process_memory_win.cc(73)] ReadMemory at 0x7ff6e5ab0000 of 64 bytes failed: Only part of a ReadProcessMemory or WriteProcessMemory request was completed. (0x12B)
[0114/085804.418:WARNING:pe_image_reader.cc(340)] could not read dos header from C:\Program Files (x86)\Google\Chrome\Application\chrome.exe
[0114/085804.418:ERROR:process_memory_win.cc(73)] ReadMemory at 0x7ffbbd7a0000 of 64 bytes failed: Only part of a ReadProcessMemory or WriteProcessMemory request was completed. (0x12B)
[0114/085804.418:WARNING:pe_image_reader.cc(340)] could not read dos header from C:\WINDOWS\SYSTEM32\ntdll.dll
[0114/085804.418:ERROR:process_memory_win.cc(73)] ReadMemory at 0x7ffbbba10000 of 64 bytes failed: Only part of a ReadProcessMemory or WriteProcessMemory request was completed. (0x12B)
[0114/085804.418:WARNING:pe_image_reader.cc(340)] could not read dos header from C:\WINDOWS\System32\KERNEL32.DLL
[0114/085804.418:ERROR:process_memory_win.cc(73)] ReadMemory at 0x7ffbbb5a0000 of 64 bytes failed: Only part of a ReadProcessMemory or WriteProcessMemory request was completed. (0x12B)
[0114/085804.418:WARNING:pe_image_reader.cc(340)] could not read dos header from C:\WINDOWS\System32\KERNELBASE.dll
[0114/085804.418:ERROR:process_memory_win.cc(73)] ReadMemory at 0x7ffb9d880000 of 64 bytes failed: Only part of a ReadProcessMemory or WriteProcessMemory request was completed. (0x12B)
[0114/085804.418:WARNING:pe_image_reader.cc(340)] could not read dos header from C:\Program Files (x86)\Google\Chrome\Application\79.0.3945.117\chrome_elf.dll
[0114/085804.418:ERROR:process_memory_win.cc(73)] ReadMemory at 0x7ffbb4f00000 of 64 bytes failed: Only part of a ReadProcessMemory or WriteProcessMemory request was completed. (0x12B)
[0114/085804.418:WARNING:pe_image_reader.cc(340)] could not read dos header from C:\WINDOWS\SYSTEM32\VERSION.dll
[0114/085804.418:ERROR:process_memory_win.cc(73)] ReadMemory at 0x7ffbbbcf0000 of 64 bytes failed: Only part of a ReadProcessMemory or WriteProcessMemory request was completed. (0x12B)
[0114/085804.418:WARNING:pe_image_reader.cc(340)] could not read dos header from C:\WINDOWS\System32\msvcrt.dll
[0114/085804.418:ERROR:process_memory_win.cc(73)] ReadMemory at 0x7ffbba7c0000 of 64 bytes failed: Only part of a ReadProcessMemory or WriteProcessMemory request was completed. (0x12B)
[0114/085804.418:WARNING:pe_image_reader.cc(340)] could not read dos header from C:\WINDOWS\System32\bcryptPrimitives.dll
[0114/085804.418:ERROR:process_memory_win.cc(73)] ReadMemory at 0x7ffbbcb70000 of 64 bytes failed: Only part of a ReadProcessMemory or WriteProcessMemory request was completed. (0x12B)
[0114/085804.418:WARNING:pe_image_reader.cc(340)] could not read dos header from C:\WINDOWS\System32\ADVAPI32.dll
[0114/085804.418:ERROR:process_memory_win.cc(73)] ReadMemory at 0x7ffbbce20000 of 64 bytes failed: Only part of a ReadProcessMemory or WriteProcessMemory request was completed. (0x12B)
[0114/085804.418:WARNING:pe_image_reader.cc(340)] could not read dos header from C:\WINDOWS\System32\sechost.dll
[0114/085804.418:ERROR:process_memory_win.cc(73)] ReadMemory at 0x7ffbbcd00000 of 64 bytes failed: Only part of a ReadProcessMemory or WriteProcessMemory request was completed. (0x12B)
[0114/085804.418:WARNING:pe_image_reader.cc(340)] could not read dos header from C:\WINDOWS\System32\RPCRT4.dll
[0114/085804.418:ERROR:process_memory_win.cc(73)] ReadMemory at 0x7ffb69df0000 of 64 bytes failed: Only part of a ReadProcessMemory or WriteProcessMemory request was completed. (0x12B)
[0114/085804.418:WARNING:pe_image_reader.cc(340)] could not read dos header from C:\Program Files (x86)\Google\Chrome\Application\79.0.3945.117\chrome_child.dll
[0114/085804.418:ERROR:process_memory_win.cc(73)] ReadMemory at 0x7ffbbca20000 of 64 bytes failed: Only part of a ReadProcessMemory or WriteProcessMemory request was completed. (0x12B)
[0114/085804.418:WARNING:pe_image_reader.cc(340)] could not read dos header from C:\WINDOWS\System32\OLEAUT32.dll
[0114/085804.418:ERROR:process_memory_win.cc(73)] ReadMemory at 0x7ffbbb300000 of 64 bytes failed: Only part of a ReadProcessMemory or WriteProcessMemory request was completed. (0x12B)
[0114/085804.418:WARNING:pe_image_reader.cc(340)] could not read dos header from C:\WINDOWS\System32\msvcp_win.dll
[0114/085804.418:ERROR:process_memory_win.cc(73)] ReadMemory at 0x7ffbbb1b0000 of 64 bytes failed: Only part of a ReadProcessMemory or WriteProcessMemory request was completed. (0x12B)
[0114/085804.418:WARNING:pe_image_reader.cc(340)] could not read dos header from C:\WINDOWS\System32\ucrtbase.dll
[0114/085804.418:ERROR:process_memory_win.cc(73)] ReadMemory at 0x7ffbbc530000 of 64 bytes failed: Only part of a ReadProcessMemory or WriteProcessMemory request was completed. (0x12B)
[0114/085804.418:WARNING:pe_image_reader.cc(340)] could not read dos header from C:\WINDOWS\System32\combase.dll
[0114/085804.418:ERROR:process_memory_win.cc(73)] ReadMemory at 0x7ffbbb900000 of 64 bytes failed: Only part of a ReadProcessMemory or WriteProcessMemory request was completed. (0x12B)
[0114/085804.418:WARNING:pe_image_reader.cc(340)] could not read dos header from C:\WINDOWS\System32\WS2_32.dll
[0114/085804.418:ERROR:process_memory_win.cc(73)] ReadMemory at 0x7ffbba730000 of 64 bytes failed: Only part of a ReadProcessMemory or WriteProcessMemory request was completed. (0x12B)
[0114/085804.418:WARNING:pe_image_reader.cc(340)] could not read dos header from C:\WINDOWS\System32\WINTRUST.dll
[0114/085804.418:ERROR:process_memory_win.cc(73)] ReadMemory at 0x7ffbba6c0000 of 64 bytes failed: Only part of a ReadProcessMemory or WriteProcessMemory request was completed. (0x12B)
[0114/085804.418:WARNING:pe_image_reader.cc(340)] could not read dos header from C:\WINDOWS\System32\MSASN1.dll
[0114/085804.418:ERROR:process_memory_win.cc(73)] ReadMemory at 0x7ffbbb3a0000 of 64 bytes failed: Only part of a ReadProcessMemory or WriteProcessMemory request was completed. (0x12B)
[0114/085804.418:WARNING:pe_image_reader.cc(340)] could not read dos header from C:\WINDOWS\System32\CRYPT32.dll
[0114/085804.418:ERROR:process_memory_win.cc(73)] ReadMemory at 0x7ffbb9b90000 of 64 bytes failed: Only part of a ReadProcessMemory or WriteProcessMemory request was completed. (0x12B)
[0114/085804.418:WARNING:pe_image_reader.cc(340)] could not read dos header from C:\WINDOWS\SYSTEM32\IPHLPAPI.DLL
[0114/085804.418:ERROR:process_memory_win.cc(73)] ReadMemory at 0x7ffbb8410000 of 64 bytes failed: Only part of a ReadProcessMemory or WriteProcessMemory request was completed. (0x12B)
[0114/085804.418:WARNING:pe_image_reader.cc(340)] could not read dos header from C:\WINDOWS\SYSTEM32\WINMM.dll
[0114/085804.418:ERROR:process_memory_win.cc(73)] ReadMemory at 0x7ffbba590000 of 64 bytes failed: Only part of a ReadProcessMemory or WriteProcessMemory request was completed. (0x12B)
[0114/085804.418:WARNING:pe_image_reader.cc(340)] could not read dos header from C:\WINDOWS\SYSTEM32\USERENV.dll
[0114/085804.418:ERROR:process_memory_win.cc(73)] ReadMemory at 0x7ffbba6a0000 of 64 bytes failed: Only part of a ReadProcessMemory or WriteProcessMemory request was completed. (0x12B)
[0114/085804.418:WARNING:pe_image_reader.cc(340)] could not read dos header from C:\WINDOWS\System32\profapi.dll
[0114/085804.418:ERROR:process_memory_win.cc(73)] ReadMemory at 0x7ffb9b4c0000 of 64 bytes failed: Only part of a ReadProcessMemory or WriteProcessMemory request was completed. (0x12B)
[0114/085804.418:WARNING:pe_image_reader.cc(340)] could not read dos header from C:\WINDOWS\SYSTEM32\DWrite.dll
[0114/085804.418:ERROR:process_memory_win.cc(73)] ReadMemory at 0x7ffbb0f90000 of 64 bytes failed: Only part of a ReadProcessMemory or WriteProcessMemory request was completed. (0x12B)
[0114/085804.418:WARNING:pe_image_reader.cc(340)] could not read dos header from C:\WINDOWS\SYSTEM32\WINSPOOL.DRV
[0114/085804.418:ERROR:process_memory_win.cc(73)] ReadMemory at 0x7ffbba680000 of 64 bytes failed: Only part of a ReadProcessMemory or WriteProcessMemory request was completed. (0x12B)
[0114/085804.418:WARNING:pe_image_reader.cc(340)] could not read dos header from C:\WINDOWS\System32\kernel.appcore.dll
[0114/085804.418:ERROR:process_memory_win.cc(73)] ReadMemory at 0x7ffbba790000 of 64 bytes failed: Only part of a ReadProcessMemory or WriteProcessMemory request was completed. (0x12B)
[0114/085804.418:WARNING:pe_image_reader.cc(340)] could not read dos header from C:\WINDOWS\System32\bcrypt.dll
[0114/085804.418:ERROR:process_memory_win.cc(73)] ReadMemory at 0x7ffbb8fa0000 of 64 bytes failed: Only part of a ReadProcessMemory or WriteProcessMemory request was completed. (0x12B)
[0114/085804.418:WARNING:pe_image_reader.cc(340)] could not read dos header from C:\WINDOWS\SYSTEM32\dbghelp.dll
[0114/085804.418:ERROR:process_memory_win.cc(73)] ReadMemory at 0x7ffba8e90000 of 64 bytes failed: Only part of a ReadProcessMemory or WriteProcessMemory request was completed. (0x12B)
[0114/085804.418:WARNING:pe_image_reader.cc(340)] could not read dos header from C:\WINDOWS\SYSTEM32\Secur32.dll
[0114/085804.418:ERROR:process_memory_win.cc(73)] ReadMemory at 0x7ffbb3e30000 of 64 bytes failed: Only part of a ReadProcessMemory or WriteProcessMemory request was completed. (0x12B)
[0114/085804.418:WARNING:pe_image_reader.cc(340)] could not read dos header from C:\WINDOWS\SYSTEM32\WINHTTP.dll
[0114/085804.418:ERROR:process_memory_win.cc(73)] ReadMemory at 0x7ffbb4ee0000 of 64 bytes failed: Only part of a ReadProcessMemory or WriteProcessMemory request was completed. (0x12B)
[0114/085804.418:WARNING:pe_image_reader.cc(340)] could not read dos header from C:\WINDOWS\SYSTEM32\dhcpcsvc.DLL
[0114/085804.418:ERROR:process_memory_win.cc(73)] ReadMemory at 0x1f55d240000 of 64 bytes failed: Only part of a ReadProcessMemory or WriteProcessMemory request was completed. (0x12B)
[0114/085804.418:WARNING:pe_image_reader.cc(340)] could not read dos header from C:\WINDOWS\System32\NSI.dll
[0114/085804.418:ERROR:process_memory_win.cc(73)] ReadMemory at 0x7ffbb83c0000 of 64 bytes failed: Only part of a ReadProcessMemory or WriteProcessMemory request was completed. (0x12B)
[0114/085804.418:WARNING:pe_image_reader.cc(340)] could not read dos header from C:\WINDOWS\SYSTEM32\WINMMBASE.dll
[0114/085804.418:ERROR:process_memory_win.cc(73)] ReadMemory at 0x7ffbbb2b0000 of 64 bytes failed: Only part of a ReadProcessMemory or WriteProcessMemory request was completed. (0x12B)
[0114/085804.418:WARNING:pe_image_reader.cc(340)] could not read dos header from C:\WINDOWS\System32\cfgmgr32.dll
[0114/085804.418:ERROR:process_memory_win.cc(73)] ReadMemory at 0x7ffbb6c10000 of 64 bytes failed: Only part of a ReadProcessMemory or WriteProcessMemory request was completed. (0x12B)
[0114/085804.418:WARNING:pe_image_reader.cc(340)] could not read dos header from C:\WINDOWS\SYSTEM32\PROPSYS.dll
[0114/085804.418:ERROR:process_memory_win.cc(73)] ReadMemory at 0x7ffbbc480000 of 64 bytes failed: Only part of a ReadProcessMemory or WriteProcessMemory request was completed. (0x12B)
[0114/085804.418:WARNING:pe_image_reader.cc(340)] could not read dos header from C:\WINDOWS\System32\shcore.dll
[0114/085804.418:ERROR:process_memory_win.cc(73)] ReadMemory at 0x7ffbba560000 of 64 bytes failed: Only part of a ReadProcessMemory or WriteProcessMemory request was completed. (0x12B)
[0114/085804.418:WARNING:pe_image_reader.cc(340)] could not read dos header from C:\WINDOWS\SYSTEM32\SSPICLI.DLL
[0114/085804.418:ERROR:process_memory_win.cc(73)] ReadMemory at 0x7ffbba050000 of 64 bytes failed: Only part of a ReadProcessMemory or WriteProcessMemory request was completed. (0x12B)
[0114/085804.418:WARNING:pe_image_reader.cc(340)] could not read dos header from C:\WINDOWS\SYSTEM32\CRYPTBASE.DLL
[0114/085804.704:ERROR:process_memory_win.cc(73)] ReadMemory at 0x506a7ed000 of 77824 bytes failed: Only part of a ReadProcessMemory or WriteProcessMemory request was completed. (0x12B)
[0114/085804.704:ERROR:process_memory_win.cc(73)] ReadMemory at 0x506affd000 of 12288 bytes failed: Only part of a ReadProcessMemory or WriteProcessMemory request was completed. (0x12B)
[0114/085804.704:ERROR:process_memory_win.cc(73)] ReadMemory at 0x506bffd000 of 12288 bytes failed: Only part of a ReadProcessMemory or WriteProcessMemory request was completed. (0x12B)
[0114/085804.704:ERROR:process_memory_win.cc(73)] ReadMemory at 0x506c7fc000 of 16384 bytes failed: Only part of a ReadProcessMemory or WriteProcessMemory request was completed. (0x12B)
[0114/085804.882:ERROR:process_memory_win.cc(73)] ReadMemory at 0x506cffe000 of 8192 bytes failed: Only part of a ReadProcessMemory or WriteProcessMemory request was completed. (0x12B)
[0114/085804.882:ERROR:process_memory_win.cc(73)] ReadMemory at 0x506d7fd000 of 12288 bytes failed: Only part of a ReadProcessMemory or WriteProcessMemory request was completed. (0x12B)
[0114/085804.882:ERROR:process_memory_win.cc(73)] ReadMemory at 0x506dffb000 of 20480 bytes failed: Only part of a ReadProcessMemory or WriteProcessMemory request was completed. (0x12B)
[0114/085804.882:ERROR:process_memory_win.cc(73)] ReadMemory at 0x506e7fd000 of 12288 bytes failed: Only part of a ReadProcessMemory or WriteProcessMemory request was completed. (0x12B)
[0114/085804.882:ERROR:process_memory_win.cc(73)] ReadMemory at 0x506eff5000 of 45056 bytes failed: Only part of a ReadProcessMemory or WriteProcessMemory request was completed. (0x12B)
[0114/085804.882:ERROR:process_memory_win.cc(73)] ReadMemory at 0x506f7f5000 of 45056 bytes failed: Only part of a ReadProcessMemory or WriteProcessMemory request was completed. (0x12B)
[0114/085804.882:ERROR:process_memory_win.cc(73)] ReadMemory at 0x506fffd000 of 12288 bytes failed: Only part of a ReadProcessMemory or WriteProcessMemory request was completed. (0x12B)
[0114/085804.882:ERROR:process_memory_win.cc(73)] ReadMemory at 0x5071ffd000 of 12288 bytes failed: Only part of a ReadProcessMemory or WriteProcessMemory request was completed. (0x12B)
[0114/085804.882:ERROR:process_memory_win.cc(73)] ReadMemory at 0x50707f6000 of 40960 bytes failed: Only part of a ReadProcessMemory or WriteProcessMemory request was completed. (0x12B)
[0114/085804.882:ERROR:process_memory_win.cc(73)] ReadMemory at 0x506b7f9000 of 28672 bytes failed: Only part of a ReadProcessMemory or WriteProcessMemory request was completed. (0x12B)
[0114/085804.882:ERROR:process_memory_win.cc(73)] ReadMemory at 0x5070ffa000 of 24576 bytes failed: Only part of a ReadProcessMemory or WriteProcessMemory request was completed. (0x12B)
[0114/085804.882:ERROR:process_memory_win.cc(73)] ReadMemory at 0x50717fb000 of 20480 bytes failed: Only part of a ReadProcessMemory or WriteProcessMemory request was completed. (0x12B)
[0114/085804.882:ERROR:process_memory_win.cc(73)] ReadMemory at 0x50727fe000 of 8192 bytes failed: Only part of a ReadProcessMemory or WriteProcessMemory request was completed. (0x12B)
[0114/085804.882:ERROR:process_memory_win.cc(73)] ReadMemory at 0x5069e70000 of 852 bytes failed: Only part of a ReadProcessMemory or WriteProcessMemory request was completed. (0x12B)
[0114/085804.904:ERROR:process_memory_win.cc(73)] ReadMemory at 0x5069e71000 of 6024 bytes failed: Only part of a ReadProcessMemory or WriteProcessMemory request was completed. (0x12B)
[0114/085804.904:ERROR:process_memory_win.cc(73)] ReadMemory at 0x5069e73000 of 6024 bytes failed: Only part of a ReadProcessMemory or WriteProcessMemory request was completed. (0x12B)
[0114/085804.904:ERROR:process_memory_win.cc(73)] ReadMemory at 0x5069e77000 of 6024 bytes failed: Only part of a ReadProcessMemory or WriteProcessMemory request was completed. (0x12B)
[0114/085804.904:ERROR:process_memory_win.cc(73)] ReadMemory at 0x5069e79000 of 6024 bytes failed: Only part of a ReadProcessMemory or WriteProcessMemory request was completed. (0x12B)
[0114/085804.904:ERROR:process_memory_win.cc(73)] ReadMemory at 0x5069e7b000 of 6024 bytes failed: Only part of a ReadProcessMemory or WriteProcessMemory request was completed. (0x12B)
[0114/085804.904:ERROR:process_memory_win.cc(73)] ReadMemory at 0x5069e7d000 of 6024 bytes failed: Only part of a ReadProcessMemory or WriteProcessMemory request was completed. (0x12B)
[0114/085804.904:ERROR:process_memory_win.cc(73)] ReadMemory at 0x5069e7f000 of 6024 bytes failed: Only part of a ReadProcessMemory or WriteProcessMemory request was completed. (0x12B)
[0114/085804.904:ERROR:process_memory_win.cc(73)] ReadMemory at 0x5069e81000 of 6024 bytes failed: Only part of a ReadProcessMemory or WriteProcessMemory request was completed. (0x12B)
[0114/085804.904:ERROR:process_memory_win.cc(73)] ReadMemory at 0x5069e83000 of 6024 bytes failed: Only part of a ReadProcessMemory or WriteProcessMemory request was completed. (0x12B)
[0114/085804.904:ERROR:process_memory_win.cc(73)] ReadMemory at 0x5069e85000 of 6024 bytes failed: Only part of a ReadProcessMemory or WriteProcessMemory request was completed. (0x12B)
[0114/085804.904:ERROR:process_memory_win.cc(73)] ReadMemory at 0x5069e87000 of 6024 bytes failed: Only part of a ReadProcessMemory or WriteProcessMemory request was completed. (0x12B)
[0114/085804.904:ERROR:process_memory_win.cc(73)] ReadMemory at 0x5069e8f000 of 6024 bytes failed: Only part of a ReadProcessMemory or WriteProcessMemory request was completed. (0x12B)
[0114/085804.904:ERROR:process_memory_win.cc(73)] ReadMemory at 0x5069ea7000 of 6024 bytes failed: Only part of a ReadProcessMemory or WriteProcessMemory request was completed. (0x12B)
[0114/085804.904:ERROR:process_memory_win.cc(73)] ReadMemory at 0x5069ea9000 of 6024 bytes failed: Only part of a ReadProcessMemory or WriteProcessMemory request was completed. (0x12B)
[0114/085804.904:ERROR:process_memory_win.cc(73)] ReadMemory at 0x5069eab000 of 6024 bytes failed: Only part of a ReadProcessMemory or WriteProcessMemory request was completed. (0x12B)
[0114/085804.904:ERROR:process_memory_win.cc(73)] ReadMemory at 0x5069ead000 of 6024 bytes failed: Only part of a ReadProcessMemory or WriteProcessMemory request was completed. (0x12B)
[0114/085804.904:ERROR:process_memory_win.cc(73)] ReadMemory at 0x5069eb1000 of 6024 bytes failed: Only part of a ReadProcessMemory or WriteProcessMemory request was completed. (0x12B)
[0114/085804.904:ERROR:process_memory_win.cc(73)] ReadMemory at 0x1f55d250fe0 of 23170 bytes failed: Only part of a ReadProcessMemory or WriteProcessMemory request was completed. (0x12B)
[0114/085804.904:ERROR:process_memory_win.cc(73)] ReadMemory at 0x1f55d256a70 of 1012 bytes failed: Only part of a ReadProcessMemory or WriteProcessMemory request was completed. (0x12B)
[0114/085804.904:ERROR:process_memory_win.cc(73)] ReadMemory at 0x1f55d2570b8 of 110 bytes failed: Only part of a ReadProcessMemory or WriteProcessMemory request was completed. (0x12B)
[0114/085805.067:ERROR:process_memory_win.cc(73)] ReadMemory at 0x1f55d257128 of 118 bytes failed: Only part of a ReadProcessMemory or WriteProcessMemory request was completed. (0x12B)
[0114/085805.152:ERROR:process_memory_win.cc(73)] ReadMemory at 0x1f55d2571a0 of 976 bytes failed: Only part of a ReadProcessMemory or WriteProcessMemory request was completed. (0x12B)
[0114/085805.152:ERROR:process_memory_win.cc(73)] ReadMemory at 0x1f55d257572 of 118 bytes failed: Only part of a ReadProcessMemory or WriteProcessMemory request was completed. (0x12B)
[0114/085805.152:ERROR:process_memory_win.cc(73)] ReadMemory at 0x1f55d2575ea of 102 bytes failed: Only part of a ReadProcessMemory or WriteProcessMemory request was completed. (0x12B)
[0114/085805.152:ERROR:process_memory_win.cc(73)] ReadMemory at 0x1f55d257660 of 58 bytes failed: Only part of a ReadProcessMemory or WriteProcessMemory request was completed. (0x12B)
[0114/085805.152:ERROR:process_memory_win.cc(73)] ReadMemory at 0x1f55d2577e0 of 132 bytes failed: Only part of a ReadProcessMemory or WriteProcessMemory request was completed. (0x12B)
[0114/085805.152:ERROR:process_memory_win.cc(73)] ReadMemory at 0x1f55d257970 of 132 bytes failed: Only part of a ReadProcessMemory or WriteProcessMemory request was completed. (0x12B)
[0114/085805.152:ERROR:process_memory_win.cc(73)] ReadMemory at 0x1f55d257b30 of 126 bytes failed: Only part of a ReadProcessMemory or WriteProcessMemory request was completed. (0x12B)
[0114/085805.152:ERROR:process_memory_win.cc(73)] ReadMemory at 0x1f55d257f10 of 132 bytes failed: Only part of a ReadProcessMemory or WriteProcessMemory request was completed. (0x12B)
[0114/085805.152:ERROR:process_memory_win.cc(73)] ReadMemory at 0x1f55d2580a0 of 64 bytes failed: Only part of a ReadProcessMemory or WriteProcessMemory request was completed. (0x12B)
[0114/085805.152:ERROR:process_memory_win.cc(73)] ReadMemory at 0x1f55d2580f0 of 132 bytes failed: Only part of a ReadProcessMemory or WriteProcessMemory request was completed. (0x12B)
[0114/085805.152:ERROR:process_memory_win.cc(73)] ReadMemory at 0x1f55d258260 of 132 bytes failed: Only part of a ReadProcessMemory or WriteProcessMemory request was completed. (0x12B)
[0114/085805.399:ERROR:process_memory_win.cc(73)] ReadMemory at 0x1f55d258500 of 132 bytes failed: Only part of a ReadProcessMemory or WriteProcessMemory request was completed. (0x12B)
[0114/085805.637:ERROR:process_memory_win.cc(73)] ReadMemory at 0x1f55d258690 of 68 bytes failed: Only part of a ReadProcessMemory or WriteProcessMemory request was completed. (0x12B)
[0114/085805.637:ERROR:process_memory_win.cc(73)] ReadMemory at 0x1f55d2597d0 of 132 bytes failed: Only part of a ReadProcessMemory or WriteProcessMemory request was completed. (0x12B)
[0114/085805.637:ERROR:process_memory_win.cc(73)] ReadMemory at 0x1f55d259960 of 154 bytes failed: Only part of a ReadProcessMemory or WriteProcessMemory request was completed. (0x12B)
[0114/085805.637:ERROR:process_memory_win.cc(73)] ReadMemory at 0x1f55d25ad20 of 132 bytes failed: Only part of a ReadProcessMemory or WriteProcessMemory request was completed. (0x12B)
[0114/085805.637:ERROR:process_memory_win.cc(73)] ReadMemory at 0x1f55d25af90 of 132 bytes failed: Only part of a ReadProcessMemory or WriteProcessMemory request was completed. (0x12B)
[0114/085805.637:ERROR:process_memory_win.cc(73)] ReadMemory at 0x1f55d25b0c0 of 132 bytes failed: Only part of a ReadProcessMemory or WriteProcessMemory request was completed. (0x12B)
[0114/085805.637:ERROR:process_memory_win.cc(73)] ReadMemory at 0x1f55d25b3a0 of 132 bytes failed: Only part of a ReadProcessMemory or WriteProcessMemory request was completed. (0x12B)
[0114/085805.738:ERROR:process_memory_win.cc(73)] ReadMemory at 0x1f55d25b450 of 512 bytes failed: Only part of a ReadProcessMemory or WriteProcessMemory request was completed. (0x12B)
[0114/085805.784:ERROR:process_memory_win.cc(73)] ReadMemory at 0x1f55d25ca50 of 62 bytes failed: Only part of a ReadProcessMemory or WriteProcessMemory request was completed. (0x12B)
[0114/085805.784:ERROR:process_memory_win.cc(73)] ReadMemory at 0x1f55d25caa0 of 158 bytes failed: Only part of a ReadProcessMemory or WriteProcessMemory request was completed. (0x12B)
[0114/085805.784:ERROR:process_memory_win.cc(73)] ReadMemory at 0x1f55d25cb80 of 132 bytes failed: Only part of a ReadProcessMemory or WriteProcessMemory request was completed. (0x12B)
[0114/085805.784:ERROR:process_memory_win.cc(73)] ReadMemory at 0x1f55d25cd10 of 60 bytes failed: Only part of a ReadProcessMemory or WriteProcessMemory request was completed. (0x12B)
[0114/085805.784:ERROR:process_memory_win.cc(73)] ReadMemory at 0x1f55d25f420 of 132 bytes failed: Only part of a ReadProcessMemory or WriteProcessMemory request was completed. (0x12B)
[0114/085805.784:ERROR:process_memory_win.cc(73)] ReadMemory at 0x1f55d25f5b0 of 80 bytes failed: Only part of a ReadProcessMemory or WriteProcessMemory request was completed. (0x12B)
[0114/085805.784:ERROR:process_memory_win.cc(73)] ReadMemory at 0x1f55d25f930 of 64 bytes failed: Only part of a ReadProcessMemory or WriteProcessMemory request was completed. (0x12B)
[0114/085805.784:ERROR:process_memory_win.cc(73)] ReadMemory at 0x1f55d25f980 of 66 bytes failed: Only part of a ReadProcessMemory or WriteProcessMemory request was completed. (0x12B)
[0114/085805.784:ERROR:process_memory_win.cc(73)] ReadMemory at 0x1f55d25f9d0 of 64 bytes failed: Only part of a ReadProcessMemory or WriteProcessMemory request was completed. (0x12B)
[0114/085805.784:ERROR:process_memory_win.cc(73)] ReadMemory at 0x1f55d25fa20 of 60 bytes failed: Only part of a ReadProcessMemory or WriteProcessMemory request was completed. (0x12B)
[0114/085805.784:ERROR:process_memory_win.cc(73)] ReadMemory at 0x1f55d25fb10 of 62 bytes failed: Only part of a ReadProcessMemory or WriteProcessMemory request was completed. (0x12B)
[0114/085805.784:ERROR:process_memory_win.cc(73)] ReadMemory at 0x1f55d25fbb0 of 64 bytes failed: Only part of a ReadProcessMemory or WriteProcessMemory request was completed. (0x12B)
[0114/085805.784:ERROR:process_memory_win.cc(73)] ReadMemory at 0x1f55d25fc00 of 64 bytes failed: Only part of a ReadProcessMemory or WriteProcessMemory request was completed. (0x12B)
[0114/085805.784:ERROR:process_memory_win.cc(73)] ReadMemory at 0x1f55d25fca0 of 60 bytes failed: Only part of a ReadProcessMemory or WriteProcessMemory request was completed. (0x12B)
[0114/085805.784:ERROR:process_memory_win.cc(73)] ReadMemory at 0x1f55d25fcf0 of 62 bytes failed: Only part of a ReadProcessMemory or WriteProcessMemory request was completed. (0x12B)
[0114/085805.784:ERROR:process_memory_win.cc(73)] ReadMemory at 0x1f55d2603b0 of 62 bytes failed: Only part of a ReadProcessMemory or WriteProcessMemory request was completed. (0x12B)
[0114/085805.784:ERROR:process_memory_win.cc(73)] ReadMemory at 0x1f55d2604a0 of 62 bytes failed: Only part of a ReadProcessMemory or WriteProcessMemory request was completed. (0x12B)
[0114/085805.784:ERROR:process_memory_win.cc(73)] ReadMemory at 0x1f55d2604f0 of 58 bytes failed: Only part of a ReadProcessMemory or WriteProcessMemory request was completed. (0x12B)
[0114/085805.784:ERROR:process_memory_win.cc(73)] ReadMemory at 0x1f55d260540 of 62 bytes failed: Only part of a ReadProcessMemory or WriteProcessMemory request was completed. (0x12B)
[0114/085805.784:ERROR:process_memory_win.cc(73)] ReadMemory at 0x1f55d260590 of 62 bytes failed: Only part of a ReadProcessMemory or WriteProcessMemory request was completed. (0x12B)
[0114/085805.784:ERROR:process_memory_win.cc(73)] ReadMemory at 0x1f55d260630 of 60 bytes failed: Only part of a ReadProcessMemory or WriteProcessMemory request was completed. (0x12B)
[0114/085805.800:ERROR:process_memory_win.cc(73)] ReadMemory at 0x1f55d260680 of 62 bytes failed: Only part of a ReadProcessMemory or WriteProcessMemory request was completed. (0x12B)
[0114/085805.800:ERROR:process_memory_win.cc(73)] ReadMemory at 0x1f55d2609f0 of 60 bytes failed: Only part of a ReadProcessMemory or WriteProcessMemory request was completed. (0x12B)
[0114/085805.800:ERROR:process_memory_win.cc(73)] ReadMemory at 0x1f55d260a40 of 64 bytes failed: Only part of a ReadProcessMemory or WriteProcessMemory request was completed. (0x12B)
[0114/085805.800:ERROR:process_memory_win.cc(73)] ReadMemory at 0x1f55d260ae0 of 64 bytes failed: Only part of a ReadProcessMemory or WriteProcessMemory request was completed. (0x12B)
[0114/085805.800:ERROR:process_memory_win.cc(73)] ReadMemory at 0x1f55d260bd0 of 60 bytes failed: Only part of a ReadProcessMemory or WriteProcessMemory request was completed. (0x12B)
[0114/085805.800:ERROR:process_memory_win.cc(73)] ReadMemory at 0x1f55d260ea0 of 62 bytes failed: Only part of a ReadProcessMemory or WriteProcessMemory request was completed. (0x12B)
[0114/085805.800:ERROR:process_memory_win.cc(73)] ReadMemory at 0x1f55d260f40 of 62 bytes failed: Only part of a ReadProcessMemory or WriteProcessMemory request was completed. (0x12B)
[0114/085805.800:ERROR:process_memory_win.cc(73)] ReadMemory at 0x1f55d261120 of 64 bytes failed: Only part of a ReadProcessMemory or WriteProcessMemory request was completed. (0x12B)
[0114/085805.800:ERROR:process_memory_win.cc(73)] ReadMemory at 0x1f55d261170 of 60 bytes failed: Only part of a ReadProcessMemory or WriteProcessMemory request was completed. (0x12B)
[0114/085805.800:ERROR:process_memory_win.cc(73)] ReadMemory at 0x1f55d2611c0 of 64 bytes failed: Only part of a ReadProcessMemory or WriteProcessMemory request was completed. (0x12B)
[0114/085805.800:ERROR:process_memory_win.cc(73)] ReadMemory at 0x1f55d261210 of 62 bytes failed: Only part of a ReadProcessMemory or WriteProcessMemory request was completed. (0x12B)
[0114/085805.800:ERROR:process_memory_win.cc(73)] ReadMemory at 0x1f55d2612b0 of 66 bytes failed: Only part of a ReadProcessMemory or WriteProcessMemory request was completed. (0x12B)
[0114/085805.800:ERROR:process_memory_win.cc(73)] ReadMemory at 0x1f55d262980 of 132 bytes failed: Only part of a ReadProcessMemory or WriteProcessMemory request was completed. (0x12B)
[0114/085805.800:ERROR:process_memory_win.cc(73)] ReadMemory at 0x1f55d262ab0 of 132 bytes failed: Only part of a ReadProcessMemory or WriteProcessMemory request was completed. (0x12B)
[0114/085805.800:ERROR:process_memory_win.cc(73)] ReadMemory at 0x1f55d262be0 of 132 bytes failed: Only part of a ReadProcessMemory or WriteProcessMemory request was completed. (0x12B)
[0114/085805.800:ERROR:process_memory_win.cc(73)] ReadMemory at 0x1f55d262e40 of 132 bytes failed: Only part of a ReadProcessMemory or WriteProcessMemory request was completed. (0x12B)
[0114/085805.800:ERROR:process_memory_win.cc(73)] ReadMemory at 0x1f55d262f70 of 132 bytes failed: Only part of a ReadProcessMemory or WriteProcessMemory request was completed. (0x12B)
[0114/085805.800:ERROR:process_memory_win.cc(73)] ReadMemory at 0x1f55d2630a0 of 132 bytes failed: Only part of a ReadProcessMemory or WriteProcessMemory request was completed. (0x12B)
[0114/085805.800:ERROR:process_memory_win.cc(73)] ReadMemory at 0x1f55d2631d0 of 132 bytes failed: Only part of a ReadProcessMemory or WriteProcessMemory request was completed. (0x12B)
[0114/085805.800:ERROR:process_memory_win.cc(73)] ReadMemory at 0x1f55d263300 of 132 bytes failed: Only part of a ReadProcessMemory or WriteProcessMemory request was completed. (0x12B)
[0114/085805.800:ERROR:process_memory_win.cc(73)] ReadMemory at 0x1f55d263430 of 132 bytes failed: Only part of a ReadProcessMemory or WriteProcessMemory request was completed. (0x12B)
[0114/085805.800:ERROR:process_memory_win.cc(73)] ReadMemory at 0x1f55d263560 of 132 bytes failed: Only part of a ReadProcessMemory or WriteProcessMemory request was completed. (0x12B)
[0114/085805.838:ERROR:process_memory_win.cc(73)] ReadMemory at 0x1f55d263690 of 132 bytes failed: Only part of a ReadProcessMemory or WriteProcessMemory request was completed. (0x12B)
[0114/085805.838:ERROR:process_memory_win.cc(73)] ReadMemory at 0x1f55d2637c0 of 132 bytes failed: Only part of a ReadProcessMemory or WriteProcessMemory request was completed. (0x12B)
[0114/085805.838:ERROR:process_memory_win.cc(73)] ReadMemory at 0x1f55d2649f0 of 132 bytes failed: Only part of a ReadProcessMemory or WriteProcessMemory request was completed. (0x12B)
[0114/085805.838:ERROR:process_memory_win.cc(73)] ReadMemory at 0x1f55d2661e0 of 76 bytes failed: Only part of a ReadProcessMemory or WriteProcessMemory request was completed. (0x12B)
[0114/085805.838:ERROR:process_memory_win.cc(73)] ReadMemory at 0x1f55d267080 of 132 bytes failed: Only part of a ReadProcessMemory or WriteProcessMemory request was completed. (0x12B)
[0114/085805.838:ERROR:process_memory_win.cc(73)] ReadMemory at 0x1f55d267320 of 132 bytes failed: Only part of a ReadProcessMemory or WriteProcessMemory request was completed. (0x12B)
[0114/085805.838:ERROR:process_memory_win.cc(73)] ReadMemory at 0x1f55d267850 of 132 bytes failed: Only part of a ReadProcessMemory or WriteProcessMemory request was completed. (0x12B)
[0114/085805.838:ERROR:process_memory_win.cc(73)] ReadMemory at 0x1f55d268840 of 54 bytes failed: Only part of a ReadProcessMemory or WriteProcessMemory request was completed. (0x12B)
[0114/085805.838:ERROR:process_memory_win.cc(73)] ReadMemory at 0x1f55d269fe0 of 512 bytes failed: Only part of a ReadProcessMemory or WriteProcessMemory request was completed. (0x12B)
[0114/085805.838:ERROR:process_memory_win.cc(73)] ReadMemory at 0x1f55d26f690 of 132 bytes failed: Only part of a ReadProcessMemory or WriteProcessMemory request was completed. (0x12B)
[0114/085805.838:ERROR:process_memory_win.cc(73)] ReadMemory at 0x1f55d26f7c0 of 132 bytes failed: Only part of a ReadProcessMemory or WriteProcessMemory request was completed. (0x12B)
[0114/085805.838:ERROR:process_memory_win.cc(73)] ReadMemory at 0x1f55d26fb50 of 132 bytes failed: Only part of a ReadProcessMemory or WriteProcessMemory request was completed. (0x12B)
[0114/085805.838:ERROR:process_memory_win.cc(73)] ReadMemory at 0x1f55d270730 of 132 bytes failed: Only part of a ReadProcessMemory or WriteProcessMemory request was completed. (0x12B)
[0114/085805.838:ERROR:process_memory_win.cc(73)] ReadMemory at 0x1f55d270860 of 132 bytes failed: Only part of a ReadProcessMemory or WriteProcessMemory request was completed. (0x12B)
[0114/085805.838:ERROR:process_memory_win.cc(73)] ReadMemory at 0x1f55d270990 of 132 bytes failed: Only part of a ReadProcessMemory or WriteProcessMemory request was completed. (0x12B)
[0114/085805.838:ERROR:process_memory_win.cc(73)] ReadMemory at 0x1f55d270ac0 of 132 bytes failed: Only part of a ReadProcessMemory or WriteProcessMemory request was completed. (0x12B)
[0114/085805.838:ERROR:process_memory_win.cc(73)] ReadMemory at 0x1f55d270bf0 of 132 bytes failed: Only part of a ReadProcessMemory or WriteProcessMemory request was completed. (0x12B)
[0114/085805.838:ERROR:process_memory_win.cc(73)] ReadMemory at 0x1f55d270e50 of 132 bytes failed: Only part of a ReadProcessMemory or WriteProcessMemory request was completed. (0x12B)
[0114/085805.838:ERROR:process_memory_win.cc(73)] ReadMemory at 0x1f55d617de0 of 512 bytes failed: Only part of a ReadProcessMemory or WriteProcessMemory request was completed. (0x12B)
[0114/085805.838:ERROR:process_memory_win.cc(73)] ReadMemory at 0x1f55d624508 of 512 bytes failed: Only part of a ReadProcessMemory or WriteProcessMemory request was completed. (0x12B)
[0114/085805.838:ERROR:process_memory_win.cc(73)] ReadMemory at 0x1f55d62f240 of 712 bytes failed: Only part of a ReadProcessMemory or WriteProcessMemory request was completed. (0x12B)
[0114/085805.838:ERROR:process_memory_win.cc(73)] ReadMemory at 0x1f55d647de0 of 640 bytes failed: Only part of a ReadProcessMemory or WriteProcessMemory request was completed. (0x12B)
[0114/085805.838:ERROR:process_memory_win.cc(73)] ReadMemory at 0x1f55d68bec0 of 512 bytes failed: Only part of a ReadProcessMemory or WriteProcessMemory request was completed. (0x12B)
[0114/085805.838:ERROR:process_memory_win.cc(73)] ReadMemory at 0x1f55d6bd590 of 512 bytes failed: Only part of a ReadProcessMemory or WriteProcessMemory request was completed. (0x12B)
[0114/085805.838:ERROR:process_memory_win.cc(73)] ReadMemory at 0x1f55f47ff00 of 512 bytes failed: Only part of a ReadProcessMemory or WriteProcessMemory request was completed. (0x12B)
[0114/085805.838:ERROR:process_memory_win.cc(73)] ReadMemory at 0x1f55f481c60 of 512 bytes failed: Only part of a ReadProcessMemory or WriteProcessMemory request was completed. (0x12B)
[0114/085805.838:ERROR:process_memory_win.cc(73)] ReadMemory at 0x1f55f4ce3d8 of 512 bytes failed: Only part of a ReadProcessMemory or WriteProcessMemory request was completed. (0x12B)
[0114/085805.907:ERROR:process_memory_win.cc(73)] ReadMemory at 0x1f55f4cefa8 of 800 bytes failed: Only part of a ReadProcessMemory or WriteProcessMemory request was completed. (0x12B)
[0114/085805.954:ERROR:process_memory_win.cc(73)] ReadMemory at 0x1f5601ec980 of 512 bytes failed: Only part of a ReadProcessMemory or WriteProcessMemory request was completed. (0x12B)
[0114/085805.954:ERROR:process_memory_win.cc(73)] ReadMemory at 0x1f56151e280 of 512 bytes failed: Only part of a ReadProcessMemory or WriteProcessMemory request was completed. (0x12B)
[0114/085805.954:ERROR:process_memory_win.cc(73)] ReadMemory at 0x1f563ba0950 of 512 bytes failed: Only part of a ReadProcessMemory or WriteProcessMemory request was completed. (0x12B)
[0114/085805.954:ERROR:process_memory_win.cc(73)] ReadMemory at 0x1f56506cd98 of 512 bytes failed: Only part of a ReadProcessMemory or WriteProcessMemory request was completed. (0x12B)
[0114/085805.954:ERROR:process_memory_win.cc(73)] ReadMemory at 0x1f565eefdf0 of 512 bytes failed: Only part of a ReadProcessMemory or WriteProcessMemory request was completed. (0x12B)
[0114/085805.954:ERROR:process_memory_win.cc(73)] ReadMemory at 0x1f565ef2448 of 512 bytes failed: Only part of a ReadProcessMemory or WriteProcessMemory request was completed. (0x12B)
[0114/085805.954:ERROR:process_memory_win.cc(73)] ReadMemory at 0x1c5488a40000 of 384 bytes failed: Only part of a ReadProcessMemory or WriteProcessMemory request was completed. (0x12B)
[0114/085805.954:ERROR:process_memory_win.cc(73)] ReadMemory at 0x1c5488a40439 of 512 bytes failed: Only part of a ReadProcessMemory or WriteProcessMemory request was completed. (0x12B)
[0114/085805.954:ERROR:process_memory_win.cc(73)] ReadMemory at 0x1c5488a40999 of 512 bytes failed: Only part of a ReadProcessMemory or WriteProcessMemory request was completed. (0x12B)
[0114/085805.954:ERROR:process_memory_win.cc(73)] ReadMemory at 0x2a10ad7800b0 of 512 bytes failed: Only part of a ReadProcessMemory or WriteProcessMemory request was completed. (0x12B)
[0114/085805.954:ERROR:process_memory_win.cc(73)] ReadMemory at 0x313473700000 of 384 bytes failed: Only part of a ReadProcessMemory or WriteProcessMemory request was completed. (0x12B)
[0114/085805.954:ERROR:process_memory_win.cc(73)] ReadMemory at 0x42c739140000 of 384 bytes failed: Only part of a ReadProcessMemory or WriteProcessMemory request was completed. (0x12B)
[0114/085805.954:ERROR:process_memory_win.cc(73)] ReadMemory at 0x42c73916f438 of 752 bytes failed: Only part of a ReadProcessMemory or WriteProcessMemory request was completed. (0x12B)
[0114/085805.954:ERROR:process_memory_win.cc(73)] ReadMemory at 0x67d39e080000 of 384 bytes failed: Only part of a ReadProcessMemory or WriteProcessMemory request was completed. (0x12B)
[0114/085805.954:ERROR:process_memory_win.cc(73)] ReadMemory at 0x67d39e0815e1 of 512 bytes failed: Only part of a ReadProcessMemory or WriteProcessMemory request was completed. (0x12B)
[0114/085805.954:ERROR:process_memory_win.cc(73)] ReadMemory at 0x690b598c0000 of 384 bytes failed: Only part of a ReadProcessMemory or WriteProcessMemory request was completed. (0x12B)
[0114/085805.954:ERROR:process_memory_win.cc(73)] ReadMemory at 0x690b598f9e00 of 560 bytes failed: Only part of a ReadProcessMemory or WriteProcessMemory request was completed. (0x12B)
[0114/085805.954:ERROR:process_memory_win.cc(73)] ReadMemory at 0x7ffb69e6543c of 512 bytes failed: Only part of a ReadProcessMemory or WriteProcessMemory request was completed. (0x12B)
[0114/085805.954:ERROR:process_memory_win.cc(73)] ReadMemory at 0x7ffb6a402b8a of 512 bytes failed: Only part of a ReadProcessMemory or WriteProcessMemory request was completed. (0x12B)
[0114/085805.954:ERROR:process_memory_win.cc(73)] ReadMemory at 0x7ffb6a403b4b of 512 bytes failed: Only part of a ReadProcessMemory or WriteProcessMemory request was completed. (0x12B)
[0114/085806.123:ERROR:process_memory_win.cc(73)] ReadMemory at 0x7ffb6a4048c5 of 512 bytes failed: Only part of a ReadProcessMemory or WriteProcessMemory request was completed. (0x12B)
[0114/085806.123:ERROR:process_memory_win.cc(73)] ReadMemory at 0x7ffb6b8aef1c of 512 bytes failed: Only part of a ReadProcessMemory or WriteProcessMemory request was completed. (0x12B)
[0114/085806.640:ERROR:process_memory_win.cc(73)] ReadMemory at 0x7ffb6e27b970 of 512 bytes failed: Only part of a ReadProcessMemory or WriteProcessMemory request was completed. (0x12B)
[0114/085806.640:ERROR:process_memory_win.cc(73)] ReadMemory at 0x7ffb9d8a7bc3 of 512 bytes failed: Only part of a ReadProcessMemory or WriteProcessMemory request was completed. (0x12B)
[0114/085806.640:ERROR:process_memory_win.cc(73)] ReadMemory at 0x7ffb9d8a83ba of 512 bytes failed: Only part of a ReadProcessMemory or WriteProcessMemory request was completed. (0x12B)
[0114/085806.640:ERROR:process_memory_win.cc(73)] ReadMemory at 0x7ffbbd83c0c4 of 672 bytes failed: Only part of a ReadProcessMemory or WriteProcessMemory request was completed. (0x12B)
[0114/085806.640:ERROR:process_memory_win.cc(73)] ReadMemory at 0x7ffbbd83f974 of 608 bytes failed: Only part of a ReadProcessMemory or WriteProcessMemory request was completed. (0x12B)
[0114/085806.640:ERROR:process_memory_win.cc(73)] ReadMemory at 0x7ffbbd8cc428 of 18 bytes failed: Only part of a ReadProcessMemory or WriteProcessMemory request was completed. (0x12B)
[0114/085806.640:ERROR:process_memory_win.cc(73)] ReadMemory at 0x7ffbbd8ff4f8 of 40 bytes failed: Only part of a ReadProcessMemory or WriteProcessMemory request was completed. (0x12B)
[0114/085806.640:ERROR:process_memory_win.cc(73)] ReadMemory at 0x7ffbbd8ff978 of 48 bytes failed: Only part of a ReadProcessMemory or WriteProcessMemory request was completed. (0x12B)
[0114/085806.640:ERROR:process_memory_win.cc(73)] ReadMemory at 0x7ffbbd9053c0 of 64 bytes failed: Only part of a ReadProcessMemory or WriteProcessMemory request was completed. (0x12B)
[0114/085806.956:ERROR:scoped_process_suspend.cc(40)] NtResumeProcess: An attempt was made to access an exiting process. (0xc000010a)
